[2015-08-31 09:53:11] Parse error: syntax error, unexpected '$this' (T_VARIABLE) in D:\wwwroot\91wzx-old\FirstPHP\root\demo1\admin\action\userAction.class.php on line 13
[2015-08-31 09:53:11] Parse error: syntax error, unexpected '$this' (T_VARIABLE) in D:\wwwroot\91wzx-old\FirstPHP\root\demo1\admin\action\userAction.class.php on line 13
[2015-08-31 10:25:37] User exception: xxxxxxxxxxxxxx in D:\wwwroot\91wzx-old\FirstPHP\root\demo1\admin\action\userAction.class.php on line 13
[2015-08-31 10:31:03] User exception: xxxxxxxxxxxxxx in D:\wwwroot\91wzx-old\FirstPHP\root\demo1\admin\action\userAction.class.php on line 13
[2015-08-31 10:31:04] User exception: xxxxxxxxxxxxxx in D:\wwwroot\91wzx-old\FirstPHP\root\demo1\admin\action\userAction.class.php on line 13
[2015-08-31 10:31:22] User exception: xxxxxxxxxxxxxx in D:\wwwroot\91wzx-old\FirstPHP\root\demo1\admin\action\userAction.class.php on line 13
[2015-08-31 10:31:23] User exception: xxxxxxxxxxxxxx in D:\wwwroot\91wzx-old\FirstPHP\root\demo1\admin\action\userAction.class.php on line 13
[2015-08-31 10:31:23] User exception: xxxxxxxxxxxxxx in D:\wwwroot\91wzx-old\FirstPHP\root\demo1\admin\action\userAction.class.php on line 13
[2015-08-31 10:31:23] User exception: xxxxxxxxxxxxxx in D:\wwwroot\91wzx-old\FirstPHP\root\demo1\admin\action\userAction.class.php on line 13
[2015-08-31 10:31:23] User exception: xxxxxxxxxxxxxx in D:\wwwroot\91wzx-old\FirstPHP\root\demo1\admin\action\userAction.class.php on line 13
[2015-08-31 10:31:24] User exception: xxxxxxxxxxxxxx in D:\wwwroot\91wzx-old\FirstPHP\root\demo1\admin\action\userAction.class.php on line 13
[2015-08-31 10:31:24] User exception: xxxxxxxxxxxxxx in D:\wwwroot\91wzx-old\FirstPHP\root\demo1\admin\action\userAction.class.php on line 13
[2015-08-31 10:31:24] User exception: xxxxxxxxxxxxxx in D:\wwwroot\91wzx-old\FirstPHP\root\demo1\admin\action\userAction.class.php on line 13
[2015-08-31 10:31:35] User exception: xxxxxxxxxxxxxx in D:\wwwroot\91wzx-old\FirstPHP\root\demo1\admin\action\userAction.class.php on line 13
[2015-08-31 10:31:37] User exception: xxxxxxxxxxxxxx in D:\wwwroot\91wzx-old\FirstPHP\root\demo1\admin\action\userAction.class.php on line 13
[2015-08-31 10:31:37] User exception: xxxxxxxxxxxxxx in D:\wwwroot\91wzx-old\FirstPHP\root\demo1\admin\action\userAction.class.php on line 13
[2015-08-31 10:31:37] User exception: xxxxxxxxxxxxxx in D:\wwwroot\91wzx-old\FirstPHP\root\demo1\admin\action\userAction.class.php on line 13
[2015-08-31 10:33:06] User exception: xxxxxxxxxxxxxx in D:\wwwroot\91wzx-old\FirstPHP\root\demo1\admin\action\userAction.class.php on line 13
[2015-08-31 10:33:07] User exception: xxxxxxxxxxxxxx in D:\wwwroot\91wzx-old\FirstPHP\root\demo1\admin\action\userAction.class.php on line 13
[2015-08-31 10:33:30] User exception: xxxxxxxxxxxxxx in D:\wwwroot\91wzx-old\FirstPHP\root\demo1\admin\action\userAction.class.php on line 13
[2015-08-31 10:33:31] User exception: xxxxxxxxxxxxxx in D:\wwwroot\91wzx-old\FirstPHP\root\demo1\admin\action\userAction.class.php on line 13
[2015-08-31 10:34:41] User exception: xxxxxxxxxxxxxx in D:\wwwroot\91wzx-old\FirstPHP\root\demo1\admin\action\userAction.class.php on line 13
[2015-08-31 10:34:54] User exception: xxxxxxxxxxxxxx in D:\wwwroot\91wzx-old\FirstPHP\root\demo1\admin\action\userAction.class.php on line 13
[2015-08-31 10:34:54] User exception: xxxxxxxxxxxxxx in D:\wwwroot\91wzx-old\FirstPHP\root\demo1\admin\action\userAction.class.php on line 13
[2015-08-31 10:34:55] User exception: xxxxxxxxxxxxxx in D:\wwwroot\91wzx-old\FirstPHP\root\demo1\admin\action\userAction.class.php on line 13
[2015-08-31 10:35:05] User exception: xxxxxxxxxxxxxx in D:\wwwroot\91wzx-old\FirstPHP\root\demo1\admin\action\userAction.class.php on line 13
[2015-08-31 10:35:06] User exception: xxxxxxxxxxxxxx in D:\wwwroot\91wzx-old\FirstPHP\root\demo1\admin\action\userAction.class.php on line 13
[2015-08-31 10:35:06] User exception: xxxxxxxxxxxxxx in D:\wwwroot\91wzx-old\FirstPHP\root\demo1\admin\action\userAction.class.php on line 13
[2015-08-31 10:35:06] User exception: xxxxxxxxxxxxxx in D:\wwwroot\91wzx-old\FirstPHP\root\demo1\admin\action\userAction.class.php on line 13
[2015-08-31 10:35:06] User exception: xxxxxxxxxxxxxx in D:\wwwroot\91wzx-old\FirstPHP\root\demo1\admin\action\userAction.class.php on line 13
[2015-08-31 10:35:20] User exception: xxxxxxxxxxxxxx in D:\wwwroot\91wzx-old\FirstPHP\root\demo1\admin\action\userAction.class.php on line 13
[2015-08-31 10:35:20] User exception: xxxxxxxxxxxxxx in D:\wwwroot\91wzx-old\FirstPHP\root\demo1\admin\action\userAction.class.php on line 13
[2015-08-31 10:35:20] User exception: xxxxxxxxxxxxxx in D:\wwwroot\91wzx-old\FirstPHP\root\demo1\admin\action\userAction.class.php on line 13
[2015-08-31 10:35:20] User exception: xxxxxxxxxxxxxx in D:\wwwroot\91wzx-old\FirstPHP\root\demo1\admin\action\userAction.class.php on line 13
[2015-08-31 10:35:21] User exception: xxxxxxxxxxxxxx in D:\wwwroot\91wzx-old\FirstPHP\root\demo1\admin\action\userAction.class.php on line 13
[2015-08-31 10:35:21] User exception: xxxxxxxxxxxxxx in D:\wwwroot\91wzx-old\FirstPHP\root\demo1\admin\action\userAction.class.php on line 13
[2015-08-31 10:37:01] User exception: xxxxxxxxxxxxxx in D:\wwwroot\91wzx-old\FirstPHP\root\demo1\admin\action\userAction.class.php on line 13
[2015-08-31 10:37:01] User exception: xxxxxxxxxxxxxx in D:\wwwroot\91wzx-old\FirstPHP\root\demo1\admin\action\userAction.class.php on line 13
[2015-08-31 10:37:02] User exception: xxxxxxxxxxxxxx in D:\wwwroot\91wzx-old\FirstPHP\root\demo1\admin\action\userAction.class.php on line 13
[2015-08-31 10:37:10] User exception: xxxxxxxxxxxxxx in D:\wwwroot\91wzx-old\FirstPHP\root\demo1\admin\action\userAction.class.php on line 13
[2015-08-31 10:37:10] User exception: xxxxxxxxxxxxxx in D:\wwwroot\91wzx-old\FirstPHP\root\demo1\admin\action\userAction.class.php on line 13
[2015-08-31 10:37:11] User exception: xxxxxxxxxxxxxx in D:\wwwroot\91wzx-old\FirstPHP\root\demo1\admin\action\userAction.class.php on line 13
[2015-08-31 10:37:11] User exception: xxxxxxxxxxxxxx in D:\wwwroot\91wzx-old\FirstPHP\root\demo1\admin\action\userAction.class.php on line 13
[2015-08-31 10:37:11] User exception: xxxxxxxxxxxxxx in D:\wwwroot\91wzx-old\FirstPHP\root\demo1\admin\action\userAction.class.php on line 13
[2015-08-31 10:37:12] User exception: xxxxxxxxxxxxxx in D:\wwwroot\91wzx-old\FirstPHP\root\demo1\admin\action\userAction.class.php on line 13
[2015-08-31 10:40:23] User exception: xxxxxxxxxxxxxx in D:\wwwroot\91wzx-old\FirstPHP\root\demo1\admin\action\userAction.class.php on line 13
[2015-08-31 11:28:22] User exception: xxxxxxxxxxxxxx in D:\wwwroot\91wzx-old\FirstPHP\root\demo1\admin\action\userAction.class.php on line 13
[2015-08-31 11:28:23] User exception: xxxxxxxxxxxxxx in D:\wwwroot\91wzx-old\FirstPHP\root\demo1\admin\action\userAction.class.php on line 13
[2015-08-31 11:28:23] User exception: xxxxxxxxxxxxxx in D:\wwwroot\91wzx-old\FirstPHP\root\demo1\admin\action\userAction.class.php on line 13
[2015-08-31 11:28:24] User exception: xxxxxxxxxxxxxx in D:\wwwroot\91wzx-old\FirstPHP\root\demo1\admin\action\userAction.class.php on line 13
[2015-08-31 11:28:24] User exception: xxxxxxxxxxxxxx in D:\wwwroot\91wzx-old\FirstPHP\root\demo1\admin\action\userAction.class.php on line 13
[2015-08-31 11:28:24] User exception: xxxxxxxxxxxxxx in D:\wwwroot\91wzx-old\FirstPHP\root\demo1\admin\action\userAction.class.php on line 13
[2015-08-31 11:29:53] User exception: xxxxxxxxxxxxxx in D:\wwwroot\91wzx-old\FirstPHP\root\demo1\admin\action\userAction.class.php on line 13
[2015-08-31 11:30:21] User exception: xxxxxxxxxxxxxx in D:\wwwroot\91wzx-old\FirstPHP\root\demo1\admin\action\userAction.class.php on line 13
[2015-08-31 11:30:21] User exception: xxxxxxxxxxxxxx in D:\wwwroot\91wzx-old\FirstPHP\root\demo1\admin\action\userAction.class.php on line 13
[2015-08-31 11:30:43] User exception: xxxxxxxxxxxxxx in D:\wwwroot\91wzx-old\FirstPHP\root\demo1\admin\action\userAction.class.php on line 13
[2015-08-31 11:30:43] User exception: xxxxxxxxxxxxxx in D:\wwwroot\91wzx-old\FirstPHP\root\demo1\admin\action\userAction.class.php on line 13
[2015-08-31 11:30:43] User exception: xxxxxxxxxxxxxx in D:\wwwroot\91wzx-old\FirstPHP\root\demo1\admin\action\userAction.class.php on line 13
[2015-08-31 11:32:24] User exception: xxxxxxxxxxxxxx in D:\wwwroot\91wzx-old\FirstPHP\root\demo1\admin\action\userAction.class.php on line 13
[2015-08-31 11:32:25] User exception: xxxxxxxxxxxxxx in D:\wwwroot\91wzx-old\FirstPHP\root\demo1\admin\action\userAction.class.php on line 13
[2015-08-31 11:32:25] User exception: xxxxxxxxxxxxxx in D:\wwwroot\91wzx-old\FirstPHP\root\demo1\admin\action\userAction.class.php on line 13
[2015-08-31 11:32:25] User exception: xxxxxxxxxxxxxx in D:\wwwroot\91wzx-old\FirstPHP\root\demo1\admin\action\userAction.class.php on line 13
[2015-08-31 11:32:25] User exception: xxxxxxxxxxxxxx in D:\wwwroot\91wzx-old\FirstPHP\root\demo1\admin\action\userAction.class.php on line 13
[2015-08-31 11:32:26] User exception: xxxxxxxxxxxxxx in D:\wwwroot\91wzx-old\FirstPHP\root\demo1\admin\action\userAction.class.php on line 13
[2015-08-31 11:34:13] User exception: xxxxxxxxxxxxxx in D:\wwwroot\91wzx-old\FirstPHP\root\demo1\admin\action\userAction.class.php on line 13
[2015-08-31 11:34:14] User exception: xxxxxxxxxxxxxx in D:\wwwroot\91wzx-old\FirstPHP\root\demo1\admin\action\userAction.class.php on line 13
[2015-08-31 11:34:14] User exception: xxxxxxxxxxxxxx in D:\wwwroot\91wzx-old\FirstPHP\root\demo1\admin\action\userAction.class.php on line 13
[2015-08-31 11:34:35] User exception: xxxxxxxxxxxxxx in D:\wwwroot\91wzx-old\FirstPHP\root\demo1\admin\action\userAction.class.php on line 13
[2015-08-31 11:34:36] User exception: xxxxxxxxxxxxxx in D:\wwwroot\91wzx-old\FirstPHP\root\demo1\admin\action\userAction.class.php on line 13
[2015-08-31 11:41:47] User exception: xxxxxxxxxxxxxx in D:\wwwroot\91wzx-old\FirstPHP\root\demo1\admin\action\userAction.class.php on line 13
[2015-08-31 11:41:56] User exception: xxxxxxxxxxxxxx in D:\wwwroot\91wzx-old\FirstPHP\root\demo1\admin\action\userAction.class.php on line 13
[2015-08-31 11:41:57] User exception: xxxxxxxxxxxxxx in D:\wwwroot\91wzx-old\FirstPHP\root\demo1\admin\action\userAction.class.php on line 13
[2015-08-31 11:41:57] User exception: xxxxxxxxxxxxxx in D:\wwwroot\91wzx-old\FirstPHP\root\demo1\admin\action\userAction.class.php on line 13
[2015-08-31 11:42:07] User exception: xxxxxxxxxxxxxx in D:\wwwroot\91wzx-old\FirstPHP\root\demo1\admin\action\userAction.class.php on line 13
[2015-08-31 11:42:08] User exception: xxxxxxxxxxxxxx in D:\wwwroot\91wzx-old\FirstPHP\root\demo1\admin\action\userAction.class.php on line 13
[2015-08-31 11:42:08] User exception: xxxxxxxxxxxxxx in D:\wwwroot\91wzx-old\FirstPHP\root\demo1\admin\action\userAction.class.php on line 13
[2015-08-31 11:42:08] User exception: xxxxxxxxxxxxxx in D:\wwwroot\91wzx-old\FirstPHP\root\demo1\admin\action\userAction.class.php on line 13
[2015-08-31 11:42:09] User exception: xxxxxxxxxxxxxx in D:\wwwroot\91wzx-old\FirstPHP\root\demo1\admin\action\userAction.class.php on line 13
[2015-08-31 12:17:42] Compile error: Cannot redeclare class UserAction in D:\wwwroot\91wzx-old\FirstPHP\root\demo1\admin\action\userAction.class.php on line 21
[2015-08-31 12:17:42] Compile error: Cannot redeclare class UserAction in D:\wwwroot\91wzx-old\FirstPHP\root\demo1\admin\action\userAction.class.php on line 21
[2015-08-31 12:17:43] Compile error: Cannot redeclare class UserAction in D:\wwwroot\91wzx-old\FirstPHP\root\demo1\admin\action\userAction.class.php on line 21
[2015-08-31 12:17:43] Compile error: Cannot redeclare class UserAction in D:\wwwroot\91wzx-old\FirstPHP\root\demo1\admin\action\userAction.class.php on line 21
[2015-08-31 12:19:18] Error: Class 'UserModel' not found in D:\wwwroot\91wzx-old\FirstPHP\root\demo1\admin\action\userAction.class.php on line 10
[2015-08-31 12:21:42] User exception: xxxxxxxxxxxxxx in D:\wwwroot\91wzx-old\FirstPHP\root\demo1\admin\action\userAction.class.php on line 13
[2015-08-31 12:26:07] Parse error: syntax error, unexpected '/' in D:\wwwroot\91wzx-old\FirstPHP\root\demo1\admin\action\userAction.class.php on line 11
[2015-08-31 12:26:31] User exception: xxxxxxxxxxxxxx in D:\wwwroot\91wzx-old\FirstPHP\root\demo1\admin\action\userAction.class.php on line 13
[2015-08-31 12:26:54] Error: Class 'User\Model' not found in D:\wwwroot\91wzx-old\FirstPHP\root\demo1\admin\action\userAction.class.php on line 11
[2015-08-31 12:27:03] Error: Class 'User\Model' not found in D:\wwwroot\91wzx-old\FirstPHP\root\demo1\admin\action\userAction.class.php on line 11
[2015-08-31 12:27:03] Error: Class 'User\Model' not found in D:\wwwroot\91wzx-old\FirstPHP\root\demo1\admin\action\userAction.class.php on line 11
[2015-08-31 12:27:04] Error: Class 'User\Model' not found in D:\wwwroot\91wzx-old\FirstPHP\root\demo1\admin\action\userAction.class.php on line 11
[2015-08-31 12:27:04] Error: Class 'User\Model' not found in D:\wwwroot\91wzx-old\FirstPHP\root\demo1\admin\action\userAction.class.php on line 11
[2015-08-31 12:27:04] Error: Class 'User\Model' not found in D:\wwwroot\91wzx-old\FirstPHP\root\demo1\admin\action\userAction.class.php on line 11
[2015-08-31 12:27:05] Error: Class 'User\Model' not found in D:\wwwroot\91wzx-old\FirstPHP\root\demo1\admin\action\userAction.class.php on line 11
[2015-08-31 12:27:05] Error: Class 'User\Model' not found in D:\wwwroot\91wzx-old\FirstPHP\root\demo1\admin\action\userAction.class.php on line 11
[2015-08-31 12:27:05] Error: Class 'User\Model' not found in D:\wwwroot\91wzx-old\FirstPHP\root\demo1\admin\action\userAction.class.php on line 11
[2015-08-31 12:27:34] Error: Class 'User\Model' not found in D:\wwwroot\91wzx-old\FirstPHP\root\demo1\admin\action\userAction.class.php on line 11
[2015-08-31 12:27:34] Error: Class 'User\Model' not found in D:\wwwroot\91wzx-old\FirstPHP\root\demo1\admin\action\userAction.class.php on line 11
[2015-08-31 12:27:35] Error: Class 'User\Model' not found in D:\wwwroot\91wzx-old\FirstPHP\root\demo1\admin\action\userAction.class.php on line 11
[2015-08-31 12:27:35] Error: Class 'User\Model' not found in D:\wwwroot\91wzx-old\FirstPHP\root\demo1\admin\action\userAction.class.php on line 11
[2015-08-31 12:27:35] Error: Class 'User\Model' not found in D:\wwwroot\91wzx-old\FirstPHP\root\demo1\admin\action\userAction.class.php on line 11
[2015-08-31 12:27:35] Error: Class 'User\Model' not found in D:\wwwroot\91wzx-old\FirstPHP\root\demo1\admin\action\userAction.class.php on line 11
[2015-08-31 12:27:35] Error: Class 'User\Model' not found in D:\wwwroot\91wzx-old\FirstPHP\root\demo1\admin\action\userAction.class.php on line 11
[2015-08-31 12:27:35] Error: Class 'User\Model' not found in D:\wwwroot\91wzx-old\FirstPHP\root\demo1\admin\action\userAction.class.php on line 11
[2015-08-31 12:30:15] Error: Class 'User\Model' not found in D:\wwwroot\91wzx-old\FirstPHP\root\demo1\admin\action\userAction.class.php on line 11
[2015-08-31 12:30:16] Error: Class 'User\Model' not found in D:\wwwroot\91wzx-old\FirstPHP\root\demo1\admin\action\userAction.class.php on line 11
[2015-08-31 12:30:16] Error: Class 'User\Model' not found in D:\wwwroot\91wzx-old\FirstPHP\root\demo1\admin\action\userAction.class.php on line 11
[2015-08-31 12:30:55] Error: Class 'User\Model' not found in D:\wwwroot\91wzx-old\FirstPHP\root\demo1\admin\action\userAction.class.php on line 11
[2015-08-31 12:30:56] Error: Class 'User\Model' not found in D:\wwwroot\91wzx-old\FirstPHP\root\demo1\admin\action\userAction.class.php on line 11
[2015-08-31 12:31:16] Error: Class 'User\Model' not found in D:\wwwroot\91wzx-old\FirstPHP\root\demo1\admin\action\userAction.class.php on line 11
[2015-08-31 12:31:17] Error: Class 'User\Model' not found in D:\wwwroot\91wzx-old\FirstPHP\root\demo1\admin\action\userAction.class.php on line 11
[2015-08-31 12:31:17] Error: Class 'User\Model' not found in D:\wwwroot\91wzx-old\FirstPHP\root\demo1\admin\action\userAction.class.php on line 11
[2015-08-31 12:31:18] Error: Class 'User\Model' not found in D:\wwwroot\91wzx-old\FirstPHP\root\demo1\admin\action\userAction.class.php on line 11
[2015-08-31 12:31:18] Error: Class 'User\Model' not found in D:\wwwroot\91wzx-old\FirstPHP\root\demo1\admin\action\userAction.class.php on line 11
[2015-08-31 12:31:37] Error: Class 'User\Model' not found in D:\wwwroot\91wzx-old\FirstPHP\root\demo1\admin\action\userAction.class.php on line 11
[2015-08-31 12:31:38] Error: Class 'User\Model' not found in D:\wwwroot\91wzx-old\FirstPHP\root\demo1\admin\action\userAction.class.php on line 11
[2015-08-31 12:31:38] Error: Class 'User\Model' not found in D:\wwwroot\91wzx-old\FirstPHP\root\demo1\admin\action\userAction.class.php on line 11
[2015-08-31 12:31:38] Error: Class 'User\Model' not found in D:\wwwroot\91wzx-old\FirstPHP\root\demo1\admin\action\userAction.class.php on line 11
[2015-08-31 12:32:46] Error: Class 'User\Model' not found in D:\wwwroot\91wzx-old\FirstPHP\root\demo1\admin\action\userAction.class.php on line 11
[2015-08-31 12:32:48] Error: Class 'User\Model' not found in D:\wwwroot\91wzx-old\FirstPHP\root\demo1\admin\action\userAction.class.php on line 11
[2015-08-31 12:48:08] Error: Class 'User\Model' not found in D:\wwwroot\91wzx-old\FirstPHP\root\demo1\admin\action\userAction.class.php on line 11
[2015-08-31 12:48:09] Error: Class 'User\Model' not found in D:\wwwroot\91wzx-old\FirstPHP\root\demo1\admin\action\userAction.class.php on line 11
[2015-08-31 12:48:09] Error: Class 'User\Model' not found in D:\wwwroot\91wzx-old\FirstPHP\root\demo1\admin\action\userAction.class.php on line 11
[2015-08-31 13:49:00] Error: Class 'Model\User' not found in D:\wwwroot\91wzx-old\FirstPHP\root\demo1\admin\action\userAction.class.php on line 11
[2015-08-31 14:00:04] Error: Class 'Model\User' not found in D:\wwwroot\91wzx-old\FirstPHP\root\demo1\admin\action\userAction.class.php on line 11
[2015-08-31 14:00:05] Error: Class 'Model\User' not found in D:\wwwroot\91wzx-old\FirstPHP\root\demo1\admin\action\userAction.class.php on line 11
[2015-08-31 14:22:34] Parse error: syntax error, unexpected 'if' (T_IF) in D:\wwwroot\91wzx-old\FirstPHP\core\lib\Autoloader.class.php on line 19
[2015-08-31 14:22:48] Error: Class 'Action\User' not found in D:\wwwroot\91wzx-old\FirstPHP\root\demo1\admin\action\userAction.class.php on line 11
[2015-08-31 14:24:03] Error: Class 'Action\User' not found in D:\wwwroot\91wzx-old\FirstPHP\root\demo1\admin\action\userAction.class.php on line 11
[2015-08-31 14:24:04] Error: Class 'Action\User' not found in D:\wwwroot\91wzx-old\FirstPHP\root\demo1\admin\action\userAction.class.php on line 11
[2015-08-31 14:24:04] Error: Class 'Action\User' not found in D:\wwwroot\91wzx-old\FirstPHP\root\demo1\admin\action\userAction.class.php on line 11
[2015-08-31 14:27:17] Error: Class 'Action\User' not found in D:\wwwroot\91wzx-old\FirstPHP\root\demo1\admin\action\userAction.class.php on line 11
[2015-08-31 14:27:17] Error: Class 'Action\User' not found in D:\wwwroot\91wzx-old\FirstPHP\root\demo1\admin\action\userAction.class.php on line 11
[2015-08-31 14:42:03] Error: Class 'Action\User' not found in D:\wwwroot\91wzx-old\FirstPHP\root\demo1\admin\action\userAction.class.php on line 11
[2015-08-31 14:42:03] Error: Class 'Action\User' not found in D:\wwwroot\91wzx-old\FirstPHP\root\demo1\admin\action\userAction.class.php on line 11
[2015-08-31 14:44:52] Error: Class 'Ext\User' not found in D:\wwwroot\91wzx-old\FirstPHP\root\demo1\admin\action\userAction.class.php on line 14
[2015-08-31 14:44:53] Error: Class 'Ext\User' not found in D:\wwwroot\91wzx-old\FirstPHP\root\demo1\admin\action\userAction.class.php on line 14
[2015-08-31 14:44:53] Error: Class 'Ext\User' not found in D:\wwwroot\91wzx-old\FirstPHP\root\demo1\admin\action\userAction.class.php on line 14
[2015-08-31 14:50:25] Error: Class 'Ext\Image\User' not found in D:\wwwroot\91wzx-old\FirstPHP\root\demo1\admin\action\userAction.class.php on line 14
[2015-08-31 14:50:26] Error: Class 'Ext\Image\User' not found in D:\wwwroot\91wzx-old\FirstPHP\root\demo1\admin\action\userAction.class.php on line 14
[2015-08-31 14:50:26] Error: Class 'Ext\Image\User' not found in D:\wwwroot\91wzx-old\FirstPHP\root\demo1\admin\action\userAction.class.php on line 14
[2015-08-31 14:51:37] Parse error: syntax error, unexpected 'as' (T_AS) in D:\wwwroot\91wzx-old\FirstPHP\root\demo1\admin\action\userAction.class.php on line 2
[2015-08-31 14:51:47] Parse error: syntax error, unexpected 'u' (T_STRING) in D:\wwwroot\91wzx-old\FirstPHP\root\demo1\admin\action\userAction.class.php on line 2
[2015-08-31 14:52:54] Error: Class 'Ext\Image\User' not found in D:\wwwroot\91wzx-old\FirstPHP\root\demo1\admin\action\userAction.class.php on line 15
[2015-08-31 14:52:57] Error: Class 'Ext\Image\User' not found in D:\wwwroot\91wzx-old\FirstPHP\root\demo1\admin\action\userAction.class.php on line 15
[2015-08-31 14:52:57] Error: Class 'Ext\Image\User' not found in D:\wwwroot\91wzx-old\FirstPHP\root\demo1\admin\action\userAction.class.php on line 15
[2015-08-31 14:54:47] Error: Class 'Ext\Image\User' not found in D:\wwwroot\91wzx-old\FirstPHP\root\demo1\admin\action\userAction.class.php on line 15
[2015-08-31 14:54:49] Error: Class 'Ext\Image\User' not found in D:\wwwroot\91wzx-old\FirstPHP\root\demo1\admin\action\userAction.class.php on line 15
[2015-08-31 14:54:52] Error: Class 'Ext\Image\User' not found in D:\wwwroot\91wzx-old\FirstPHP\root\demo1\admin\action\userAction.class.php on line 15
[2015-08-31 14:54:52] Error: Class 'Ext\Image\User' not found in D:\wwwroot\91wzx-old\FirstPHP\root\demo1\admin\action\userAction.class.php on line 15
[2015-08-31 14:54:53] Error: Class 'Ext\Image\User' not found in D:\wwwroot\91wzx-old\FirstPHP\root\demo1\admin\action\userAction.class.php on line 15
[2015-08-31 14:54:53] Error: Class 'Ext\Image\User' not found in D:\wwwroot\91wzx-old\FirstPHP\root\demo1\admin\action\userAction.class.php on line 15
[2015-08-31 14:54:53] Error: Class 'Ext\Image\User' not found in D:\wwwroot\91wzx-old\FirstPHP\root\demo1\admin\action\userAction.class.php on line 15
[2015-08-31 14:55:47] Error: Class 'Ext\Image\User' not found in D:\wwwroot\91wzx-old\FirstPHP\root\demo1\admin\action\userAction.class.php on line 15
[2015-08-31 14:56:00] Error: Class 'Ext\Image\User' not found in D:\wwwroot\91wzx-old\FirstPHP\root\demo1\admin\action\userAction.class.php on line 15
[2015-08-31 14:56:00] Error: Class 'Ext\Image\User' not found in D:\wwwroot\91wzx-old\FirstPHP\root\demo1\admin\action\userAction.class.php on line 15
[2015-08-31 14:56:01] Error: Class 'Ext\Image\User' not found in D:\wwwroot\91wzx-old\FirstPHP\root\demo1\admin\action\userAction.class.php on line 15
[2015-08-31 14:56:01] Error: Class 'Ext\Image\User' not found in D:\wwwroot\91wzx-old\FirstPHP\root\demo1\admin\action\userAction.class.php on line 15
[2015-08-31 14:57:22] User exception: xxxxxxxxxxxxxx in D:\wwwroot\91wzx-old\FirstPHP\root\demo1\admin\action\userAction.class.php on line 17
[2015-08-31 14:57:25] User exception: xxxxxxxxxxxxxx in D:\wwwroot\91wzx-old\FirstPHP\root\demo1\admin\action\userAction.class.php on line 17
[2015-08-31 15:34:16] User exception: xxxxxxxxxxxxxx in D:\wwwroot\91wzx-old\FirstPHP\root\demo1\admin\action\userAction.class.php on line 17
[2015-08-31 15:35:14] User exception: xxxxxxxxxxxxxx in D:\wwwroot\91wzx-old\FirstPHP\root\demo1\admin\action\userAction.class.php on line 17
[2015-08-31 15:36:11] Error: Call to undefined function trigger() in D:\wwwroot\91wzx-old\FirstPHP\root\demo1\admin\action\userAction.class.php on line 17
[2015-08-31 15:36:29] Error: Call to undefined function error_trigger() in D:\wwwroot\91wzx-old\FirstPHP\root\demo1\admin\action\userAction.class.php on line 17
[2015-08-31 15:36:52] User exception: xxxxxxxxxxxxxx in D:\wwwroot\91wzx-old\FirstPHP\root\demo1\admin\action\userAction.class.php on line 18
[2015-08-31 15:37:15] User exception: xxxxxxxxxxxxxx in D:\wwwroot\91wzx-old\FirstPHP\root\demo1\admin\action\userAction.class.php on line 18
[2015-08-31 15:39:31] User exception: xxxxxxxxxxxxxx in D:\wwwroot\91wzx-old\FirstPHP\root\demo1\admin\action\userAction.class.php on line 18
[2015-08-31 15:39:39] User exception: xxxxxxxxxxxxxx in D:\wwwroot\91wzx-old\FirstPHP\root\demo1\admin\action\userAction.class.php on line 18
[2015-08-31 15:39:40] User exception: xxxxxxxxxxxxxx in D:\wwwroot\91wzx-old\FirstPHP\root\demo1\admin\action\userAction.class.php on line 18
[2015-08-31 15:39:40] User exception: xxxxxxxxxxxxxx in D:\wwwroot\91wzx-old\FirstPHP\root\demo1\admin\action\userAction.class.php on line 18
[2015-08-31 15:40:02] User exception: xxxxxxxxxxxxxx in D:\wwwroot\91wzx-old\FirstPHP\root\demo1\admin\action\userAction.class.php on line 18
[2015-08-31 15:40:03] User exception: xxxxxxxxxxxxxx in D:\wwwroot\91wzx-old\FirstPHP\root\demo1\admin\action\userAction.class.php on line 18
[2015-08-31 15:40:03] User exception: xxxxxxxxxxxxxx in D:\wwwroot\91wzx-old\FirstPHP\root\demo1\admin\action\userAction.class.php on line 18
[2015-08-31 15:40:46] User exception: xxxxxxxxxxxxxx in D:\wwwroot\91wzx-old\FirstPHP\root\demo1\admin\action\userAction.class.php on line 18
[2015-08-31 15:41:17] User exception: xxxxxxxxxxxxxx in D:\wwwroot\91wzx-old\FirstPHP\root\demo1\admin\action\userAction.class.php on line 18
[2015-08-31 15:41:18] User exception: xxxxxxxxxxxxxx in D:\wwwroot\91wzx-old\FirstPHP\root\demo1\admin\action\userAction.class.php on line 18
[2015-08-31 15:41:32] User exception: xxxxxxxxxxxxxx in D:\wwwroot\91wzx-old\FirstPHP\root\demo1\admin\action\userAction.class.php on line 18
[2015-08-31 15:41:32] User exception: xxxxxxxxxxxxxx in D:\wwwroot\91wzx-old\FirstPHP\root\demo1\admin\action\userAction.class.php on line 18
[2015-08-31 15:41:33] User exception: xxxxxxxxxxxxxx in D:\wwwroot\91wzx-old\FirstPHP\root\demo1\admin\action\userAction.class.php on line 18
[2015-08-31 15:41:56] User exception: xxxxxxxxxxxxxx in D:\wwwroot\91wzx-old\FirstPHP\root\demo1\admin\action\userAction.class.php on line 18
[2015-08-31 15:43:56] User exception: xxxxxxxxxxxxxx in D:\wwwroot\91wzx-old\FirstPHP\root\demo1\admin\action\userAction.class.php on line 18
[2015-08-31 15:44:09] User exception: xxxxxxxxxxxxxx in D:\wwwroot\91wzx-old\FirstPHP\root\demo1\admin\action\userAction.class.php on line 18
[2015-08-31 15:46:14] User exception: xxxxxxxxxxxxxx in D:\wwwroot\91wzx-old\FirstPHP\root\demo1\admin\action\userAction.class.php on line 18
[2015-08-31 15:46:15] User exception: xxxxxxxxxxxxxx in D:\wwwroot\91wzx-old\FirstPHP\root\demo1\admin\action\userAction.class.php on line 18
[2015-08-31 15:46:15] User exception: xxxxxxxxxxxxxx in D:\wwwroot\91wzx-old\FirstPHP\root\demo1\admin\action\userAction.class.php on line 18
[2015-08-31 15:46:23] User exception: xxxxxxxxxxxxxx in D:\wwwroot\91wzx-old\FirstPHP\root\demo1\admin\action\userAction.class.php on line 18
[2015-08-31 15:46:35] User exception: xxxxxxxxxxxxxx in D:\wwwroot\91wzx-old\FirstPHP\root\demo1\admin\action\userAction.class.php on line 18
[2015-08-31 15:46:36] User exception: xxxxxxxxxxxxxx in D:\wwwroot\91wzx-old\FirstPHP\root\demo1\admin\action\userAction.class.php on line 18
[2015-08-31 15:46:43] User exception: xxxxxxxxxxxxxx in D:\wwwroot\91wzx-old\FirstPHP\root\demo1\admin\action\userAction.class.php on line 18
[2015-08-31 15:46:44] User exception: xxxxxxxxxxxxxx in D:\wwwroot\91wzx-old\FirstPHP\root\demo1\admin\action\userAction.class.php on line 18
[2015-08-31 15:46:44] User exception: xxxxxxxxxxxxxx in D:\wwwroot\91wzx-old\FirstPHP\root\demo1\admin\action\userAction.class.php on line 18
[2015-08-31 15:46:54] User exception: xxxxxxxxxxxxxx in D:\wwwroot\91wzx-old\FirstPHP\root\demo1\admin\action\userAction.class.php on line 18
[2015-08-31 15:46:55] User exception: xxxxxxxxxxxxxx in D:\wwwroot\91wzx-old\FirstPHP\root\demo1\admin\action\userAction.class.php on line 18
[2015-08-31 15:46:55] User exception: xxxxxxxxxxxxxx in D:\wwwroot\91wzx-old\FirstPHP\root\demo1\admin\action\userAction.class.php on line 18
[2015-08-31 15:46:56] User exception: xxxxxxxxxxxxxx in D:\wwwroot\91wzx-old\FirstPHP\root\demo1\admin\action\userAction.class.php on line 18
[2015-08-31 15:47:03] User exception: xxxxxxxxxxxxxx in D:\wwwroot\91wzx-old\FirstPHP\root\demo1\admin\action\userAction.class.php on line 18
[2015-08-31 15:47:04] User exception: xxxxxxxxxxxxxx in D:\wwwroot\91wzx-old\FirstPHP\root\demo1\admin\action\userAction.class.php on line 18
[2015-08-31 15:47:04] User exception: xxxxxxxxxxxxxx in D:\wwwroot\91wzx-old\FirstPHP\root\demo1\admin\action\userAction.class.php on line 18
[2015-08-31 15:47:04] User exception: xxxxxxxxxxxxxx in D:\wwwroot\91wzx-old\FirstPHP\root\demo1\admin\action\userAction.class.php on line 18
[2015-08-31 15:47:23] User exception: xxxxxxxxxxxxxx in D:\wwwroot\91wzx-old\FirstPHP\root\demo1\admin\action\userAction.class.php on line 18
[2015-08-31 15:47:24] User exception: xxxxxxxxxxxxxx in D:\wwwroot\91wzx-old\FirstPHP\root\demo1\admin\action\userAction.class.php on line 18
[2015-08-31 15:47:30] User exception: xxxxxxxxxxxxxx in D:\wwwroot\91wzx-old\FirstPHP\root\demo1\admin\action\userAction.class.php on line 18
[2015-08-31 15:47:31] User exception: xxxxxxxxxxxxxx in D:\wwwroot\91wzx-old\FirstPHP\root\demo1\admin\action\userAction.class.php on line 18
[2015-08-31 15:47:31] User exception: xxxxxxxxxxxxxx in D:\wwwroot\91wzx-old\FirstPHP\root\demo1\admin\action\userAction.class.php on line 18
[2015-08-31 15:48:06] User exception: xxxxxxxxxxxxxx in D:\wwwroot\91wzx-old\FirstPHP\root\demo1\admin\action\userAction.class.php on line 18
[2015-08-31 15:48:06] User exception: xxxxxxxxxxxxxx in D:\wwwroot\91wzx-old\FirstPHP\root\demo1\admin\action\userAction.class.php on line 18
[2015-08-31 15:48:07] User exception: xxxxxxxxxxxxxx in D:\wwwroot\91wzx-old\FirstPHP\root\demo1\admin\action\userAction.class.php on line 18
[2015-08-31 15:55:10] User exception: xxxxxxxxxxxxxx in D:\wwwroot\91wzx-old\FirstPHP\root\demo1\admin\action\userAction.class.php on line 18
[2015-08-31 15:55:10] User exception: xxxxxxxxxxxxxx in D:\wwwroot\91wzx-old\FirstPHP\root\demo1\admin\action\userAction.class.php on line 18
[2015-08-31 15:55:10] User exception: xxxxxxxxxxxxxx in D:\wwwroot\91wzx-old\FirstPHP\root\demo1\admin\action\userAction.class.php on line 18
[2015-08-31 15:55:32] User exception: xxxxxxxxxxxxxx in D:\wwwroot\91wzx-old\FirstPHP\root\demo1\admin\action\userAction.class.php on line 18
[2015-08-31 15:55:33] User exception: xxxxxxxxxxxxxx in D:\wwwroot\91wzx-old\FirstPHP\root\demo1\admin\action\userAction.class.php on line 18
[2015-08-31 15:55:33] User exception: xxxxxxxxxxxxxx in D:\wwwroot\91wzx-old\FirstPHP\root\demo1\admin\action\userAction.class.php on line 18
[2015-08-31 15:55:34] User exception: xxxxxxxxxxxxxx in D:\wwwroot\91wzx-old\FirstPHP\root\demo1\admin\action\userAction.class.php on line 18
[2015-08-31 15:55:34] User exception: xxxxxxxxxxxxxx in D:\wwwroot\91wzx-old\FirstPHP\root\demo1\admin\action\userAction.class.php on line 18
[2015-08-31 15:56:26] User exception: xxxxxxxxxxxxxx in D:\wwwroot\91wzx-old\FirstPHP\root\demo1\admin\action\userAction.class.php on line 18
[2015-08-31 15:56:26] User exception: xxxxxxxxxxxxxx in D:\wwwroot\91wzx-old\FirstPHP\root\demo1\admin\action\userAction.class.php on line 18
[2015-08-31 15:58:02] User exception: xxxxxxxxxxxxxx in D:\wwwroot\91wzx-old\FirstPHP\root\demo1\admin\action\userAction.class.php on line 18
[2015-08-31 15:58:03] User exception: xxxxxxxxxxxxxx in D:\wwwroot\91wzx-old\FirstPHP\root\demo1\admin\action\userAction.class.php on line 18
[2015-08-31 15:58:03] User exception: xxxxxxxxxxxxxx in D:\wwwroot\91wzx-old\FirstPHP\root\demo1\admin\action\userAction.class.php on line 18
[2015-08-31 15:58:04] User exception: xxxxxxxxxxxxxx in D:\wwwroot\91wzx-old\FirstPHP\root\demo1\admin\action\userAction.class.php on line 18
[2015-08-31 15:58:06] User exception: xxxxxxxxxxxxxx in D:\wwwroot\91wzx-old\FirstPHP\root\demo1\admin\action\userAction.class.php on line 18
[2015-08-31 15:58:06] User exception: xxxxxxxxxxxxxx in D:\wwwroot\91wzx-old\FirstPHP\root\demo1\admin\action\userAction.class.php on line 18
[2015-08-31 15:58:07] User exception: xxxxxxxxxxxxxx in D:\wwwroot\91wzx-old\FirstPHP\root\demo1\admin\action\userAction.class.php on line 18
[2015-08-31 15:58:07] User exception: xxxxxxxxxxxxxx in D:\wwwroot\91wzx-old\FirstPHP\root\demo1\admin\action\userAction.class.php on line 18
[2015-08-31 16:07:52] User warning: xxx in D:\wwwroot\91wzx-old\FirstPHP\root\demo1\admin\action\userAction.class.php on line 17
[2015-08-31 16:07:53] User warning: xxx in D:\wwwroot\91wzx-old\FirstPHP\root\demo1\admin\action\userAction.class.php on line 17
[2015-08-31 16:07:53] User warning: xxx in D:\wwwroot\91wzx-old\FirstPHP\root\demo1\admin\action\userAction.class.php on line 17
[2015-08-31 16:07:53] User warning: xxx in D:\wwwroot\91wzx-old\FirstPHP\root\demo1\admin\action\userAction.class.php on line 17
[2015-08-31 16:07:55] User warning: xxx in D:\wwwroot\91wzx-old\FirstPHP\root\demo1\admin\action\userAction.class.php on line 17
[2015-08-31 16:08:22] User warning: xxx in D:\wwwroot\91wzx-old\FirstPHP\root\demo1\admin\action\userAction.class.php on line 17
[2015-08-31 16:08:23] User warning: xxx in D:\wwwroot\91wzx-old\FirstPHP\root\demo1\admin\action\userAction.class.php on line 17
[2015-08-31 16:08:23] User warning: xxx in D:\wwwroot\91wzx-old\FirstPHP\root\demo1\admin\action\userAction.class.php on line 17
[2015-08-31 16:08:25] User warning: xxx in D:\wwwroot\91wzx-old\FirstPHP\root\demo1\admin\action\userAction.class.php on line 17
[2015-08-31 16:08:25] User warning: xxx in D:\wwwroot\91wzx-old\FirstPHP\root\demo1\admin\action\userAction.class.php on line 17
[2015-08-31 16:08:26] User warning: xxx in D:\wwwroot\91wzx-old\FirstPHP\root\demo1\admin\action\userAction.class.php on line 17
[2015-08-31 16:08:26] User warning: xxx in D:\wwwroot\91wzx-old\FirstPHP\root\demo1\admin\action\userAction.class.php on line 17
[2015-08-31 16:08:27] User warning: xxx in D:\wwwroot\91wzx-old\FirstPHP\root\demo1\admin\action\userAction.class.php on line 17
[2015-08-31 16:09:15] User warning: xxx in D:\wwwroot\91wzx-old\FirstPHP\root\demo1\admin\action\userAction.class.php on line 17
[2015-08-31 16:09:16] User warning: xxx in D:\wwwroot\91wzx-old\FirstPHP\root\demo1\admin\action\userAction.class.php on line 17
[2015-08-31 16:09:18] User warning: xxx in D:\wwwroot\91wzx-old\FirstPHP\root\demo1\admin\action\userAction.class.php on line 17
[2015-08-31 16:09:19] User warning: xxx in D:\wwwroot\91wzx-old\FirstPHP\root\demo1\admin\action\userAction.class.php on line 17
[2015-08-31 16:09:19] User warning: xxx in D:\wwwroot\91wzx-old\FirstPHP\root\demo1\admin\action\userAction.class.php on line 17
[2015-08-31 16:09:56] User exception: xxxxxxxxxxxxxx in D:\wwwroot\91wzx-old\FirstPHP\root\demo1\admin\action\userAction.class.php on line 18
[2015-08-31 16:09:57] User exception: xxxxxxxxxxxxxx in D:\wwwroot\91wzx-old\FirstPHP\root\demo1\admin\action\userAction.class.php on line 18
[2015-08-31 16:09:57] User exception: xxxxxxxxxxxxxx in D:\wwwroot\91wzx-old\FirstPHP\root\demo1\admin\action\userAction.class.php on line 18
[2015-08-31 16:10:25] User exception: xxxxxxxxxxxxxx in D:\wwwroot\91wzx-old\FirstPHP\root\demo1\admin\action\userAction.class.php on line 18
[2015-08-31 16:10:50] User exception: xxxxxxxxxxxxxx in D:\wwwroot\91wzx-old\FirstPHP\root\demo1\admin\action\userAction.class.php on line 18
[2015-08-31 16:10:51] User exception: xxxxxxxxxxxxxx in D:\wwwroot\91wzx-old\FirstPHP\root\demo1\admin\action\userAction.class.php on line 18
[2015-08-31 16:10:51] User exception: xxxxxxxxxxxxxx in D:\wwwroot\91wzx-old\FirstPHP\root\demo1\admin\action\userAction.class.php on line 18
[2015-08-31 16:10:51] User exception: xxxxxxxxxxxxxx in D:\wwwroot\91wzx-old\FirstPHP\root\demo1\admin\action\userAction.class.php on line 18
[2015-08-31 16:11:22] User exception: xxxxxxxxxxxxxx in D:\wwwroot\91wzx-old\FirstPHP\root\demo1\admin\action\userAction.class.php on line 18
[2015-08-31 16:11:22] User exception: xxxxxxxxxxxxxx in D:\wwwroot\91wzx-old\FirstPHP\root\demo1\admin\action\userAction.class.php on line 18
[2015-08-31 16:11:23] User exception: xxxxxxxxxxxxxx in D:\wwwroot\91wzx-old\FirstPHP\root\demo1\admin\action\userAction.class.php on line 18
[2015-08-31 16:11:23] User exception: xxxxxxxxxxxxxx in D:\wwwroot\91wzx-old\FirstPHP\root\demo1\admin\action\userAction.class.php on line 18
[2015-08-31 16:11:53] User exception: xxxxxxxxxxxxxx in D:\wwwroot\91wzx-old\FirstPHP\root\demo1\admin\action\userAction.class.php on line 18
[2015-08-31 16:11:54] User exception: xxxxxxxxxxxxxx in D:\wwwroot\91wzx-old\FirstPHP\root\demo1\admin\action\userAction.class.php on line 18
[2015-08-31 16:12:34] User exception: xxxxxxxxxxxxxx in D:\wwwroot\91wzx-old\FirstPHP\root\demo1\admin\action\userAction.class.php on line 18
[2015-08-31 16:12:34] User exception: xxxxxxxxxxxxxx in D:\wwwroot\91wzx-old\FirstPHP\root\demo1\admin\action\userAction.class.php on line 18
[2015-08-31 16:12:35] User exception: xxxxxxxxxxxxxx in D:\wwwroot\91wzx-old\FirstPHP\root\demo1\admin\action\userAction.class.php on line 18
[2015-08-31 16:12:40] User exception: xxxxxxxxxxxxxx in D:\wwwroot\91wzx-old\FirstPHP\root\demo1\admin\action\userAction.class.php on line 18
[2015-08-31 16:13:23] User exception: xxxxxxxxxxxxxx in D:\wwwroot\91wzx-old\FirstPHP\root\demo1\admin\action\userAction.class.php on line 18
[2015-08-31 16:13:23] User exception: xxxxxxxxxxxxxx in D:\wwwroot\91wzx-old\FirstPHP\root\demo1\admin\action\userAction.class.php on line 18
[2015-08-31 16:13:39] User exception: xxxxxxxxxxxxxx in D:\wwwroot\91wzx-old\FirstPHP\root\demo1\admin\action\userAction.class.php on line 18
[2015-08-31 16:13:40] User exception: xxxxxxxxxxxxxx in D:\wwwroot\91wzx-old\FirstPHP\root\demo1\admin\action\userAction.class.php on line 18
[2015-08-31 16:13:44] User exception: xxxxxxxxxxxxxx in D:\wwwroot\91wzx-old\FirstPHP\root\demo1\admin\action\userAction.class.php on line 18
[2015-08-31 16:15:50] User exception: xxxxxxxxxxxxxx in D:\wwwroot\91wzx-old\FirstPHP\root\demo1\admin\action\userAction.class.php on line 18
[2015-08-31 16:15:50] User exception: xxxxxxxxxxxxxx in D:\wwwroot\91wzx-old\FirstPHP\root\demo1\admin\action\userAction.class.php on line 18
[2015-08-31 16:16:02] User exception: xxxxxxxxxxxxxx in D:\wwwroot\91wzx-old\FirstPHP\root\demo1\admin\action\userAction.class.php on line 18
[2015-08-31 16:16:02] User exception: xxxxxxxxxxxxxx in D:\wwwroot\91wzx-old\FirstPHP\root\demo1\admin\action\userAction.class.php on line 18
[2015-08-31 16:38:54] User exception: xxxxxxxxxxxxxx in D:\wwwroot\91wzx-old\FirstPHP\root\demo1\admin\action\userAction.class.php on line 24
[2015-08-31 16:38:54] User exception: xxxxxxxxxxxxxx in D:\wwwroot\91wzx-old\FirstPHP\root\demo1\admin\action\userAction.class.php on line 24
[2015-08-31 16:38:59] User exception: xxxxxxxxxxxxxx in D:\wwwroot\91wzx-old\FirstPHP\root\demo1\admin\action\userAction.class.php on line 24
[2015-08-31 16:38:59] User exception: xxxxxxxxxxxxxx in D:\wwwroot\91wzx-old\FirstPHP\root\demo1\admin\action\userAction.class.php on line 24
[2015-08-31 16:45:06] User exception: xxxxxxxxxxxxxx in D:\wwwroot\91wzx-old\FirstPHP\root\demo1\admin\action\userAction.class.php on line 24
[2015-08-31 16:45:07] User exception: xxxxxxxxxxxxxx in D:\wwwroot\91wzx-old\FirstPHP\root\demo1\admin\action\userAction.class.php on line 24
[2015-08-31 16:45:07] User exception: xxxxxxxxxxxxxx in D:\wwwroot\91wzx-old\FirstPHP\root\demo1\admin\action\userAction.class.php on line 24
[2015-08-31 16:45:07] User exception: xxxxxxxxxxxxxx in D:\wwwroot\91wzx-old\FirstPHP\root\demo1\admin\action\userAction.class.php on line 24
[2015-08-31 16:45:09] User exception: xxxxxxxxxxxxxx in D:\wwwroot\91wzx-old\FirstPHP\root\demo1\admin\action\userAction.class.php on line 24
[2015-08-31 16:45:10] User exception: xxxxxxxxxxxxxx in D:\wwwroot\91wzx-old\FirstPHP\root\demo1\admin\action\userAction.class.php on line 24
[2015-08-31 16:45:20] User exception: xxxxxxxxxxxxxx in D:\wwwroot\91wzx-old\FirstPHP\root\demo1\admin\action\userAction.class.php on line 24
[2015-08-31 16:45:21] User exception: xxxxxxxxxxxxxx in D:\wwwroot\91wzx-old\FirstPHP\root\demo1\admin\action\userAction.class.php on line 24
[2015-08-31 16:45:21] User exception: xxxxxxxxxxxxxx in D:\wwwroot\91wzx-old\FirstPHP\root\demo1\admin\action\userAction.class.php on line 24
[2015-08-31 16:45:30] User exception: xxxxxxxxxxxxxx in D:\wwwroot\91wzx-old\FirstPHP\root\demo1\admin\action\userAction.class.php on line 19
[2015-08-31 16:45:30] User exception: xxxxxxxxxxxxxx in D:\wwwroot\91wzx-old\FirstPHP\root\demo1\admin\action\userAction.class.php on line 19
[2015-08-31 16:45:31] User exception: xxxxxxxxxxxxxx in D:\wwwroot\91wzx-old\FirstPHP\root\demo1\admin\action\userAction.class.php on line 19
[2015-08-31 16:49:25] User exception: xxxxxxxxxxxxxx in D:\wwwroot\91wzx-old\FirstPHP\root\demo1\admin\action\userAction.class.php on line 19
[2015-08-31 16:49:25] User exception: xxxxxxxxxxxxxx in D:\wwwroot\91wzx-old\FirstPHP\root\demo1\admin\action\userAction.class.php on line 19
[2015-08-31 16:49:26] User exception: xxxxxxxxxxxxxx in D:\wwwroot\91wzx-old\FirstPHP\root\demo1\admin\action\userAction.class.php on line 19
[2015-08-31 16:56:49] User exception: xxxxxxxxxxxxxx in D:\wwwroot\91wzx-old\FirstPHP\root\demo1\admin\action\userAction.class.php on line 19
[2015-08-31 16:56:49] User exception: xxxxxxxxxxxxxx in D:\wwwroot\91wzx-old\FirstPHP\root\demo1\admin\action\userAction.class.php on line 19
[2015-08-31 16:56:49] User exception: xxxxxxxxxxxxxx in D:\wwwroot\91wzx-old\FirstPHP\root\demo1\admin\action\userAction.class.php on line 19
[2015-08-31 16:56:51] User exception: xxxxxxxxxxxxxx in D:\wwwroot\91wzx-old\FirstPHP\root\demo1\admin\action\userAction.class.php on line 19
[2015-08-31 17:07:37] User exception: xxxxxxxxxxxxxx in D:\wwwroot\91wzx-old\FirstPHP\root\demo1\admin\action\userAction.class.php on line 19
[2015-08-31 17:07:38] User exception: xxxxxxxxxxxxxx in D:\wwwroot\91wzx-old\FirstPHP\root\demo1\admin\action\userAction.class.php on line 19
[2015-08-31 17:07:38] User exception: xxxxxxxxxxxxxx in D:\wwwroot\91wzx-old\FirstPHP\root\demo1\admin\action\userAction.class.php on line 19
[2015-08-31 17:07:43] User exception: xxxxxxxxxxxxxx in D:\wwwroot\91wzx-old\FirstPHP\root\demo1\admin\action\userAction.class.php on line 19
[2015-08-31 17:07:43] User exception: xxxxxxxxxxxxxx in D:\wwwroot\91wzx-old\FirstPHP\root\demo1\admin\action\userAction.class.php on line 19
[2015-08-31 17:07:43] User exception: xxxxxxxxxxxxxx in D:\wwwroot\91wzx-old\FirstPHP\root\demo1\admin\action\userAction.class.php on line 19
[2015-08-31 17:07:56] User exception: xxxxxxxxxxxxxx in D:\wwwroot\91wzx-old\FirstPHP\root\demo1\admin\action\userAction.class.php on line 19
[2015-08-31 17:07:56] User exception: xxxxxxxxxxxxxx in D:\wwwroot\91wzx-old\FirstPHP\root\demo1\admin\action\userAction.class.php on line 19
[2015-08-31 17:07:56] User exception: xxxxxxxxxxxxxx in D:\wwwroot\91wzx-old\FirstPHP\root\demo1\admin\action\userAction.class.php on line 19
[2015-08-31 17:10:36] User exception: xxxxxxxxxxxxxx in D:\wwwroot\91wzx-old\FirstPHP\root\demo1\admin\action\userAction.class.php on line 19
[2015-08-31 17:10:37] User exception: xxxxxxxxxxxxxx in D:\wwwroot\91wzx-old\FirstPHP\root\demo1\admin\action\userAction.class.php on line 19
[2015-08-31 17:10:37] User exception: xxxxxxxxxxxxxx in D:\wwwroot\91wzx-old\FirstPHP\root\demo1\admin\action\userAction.class.php on line 19
[2015-08-31 17:10:49] User exception: 用户名错误 in D:\wwwroot\91wzx-old\FirstPHP\root\demo1\admin\action\userAction.class.php on line 19
[2015-08-31 17:10:50] User exception: 用户名错误 in D:\wwwroot\91wzx-old\FirstPHP\root\demo1\admin\action\userAction.class.php on line 19
[2015-08-31 17:11:46] User exception: 用户名错误 in D:\wwwroot\91wzx-old\FirstPHP\root\demo1\admin\action\userAction.class.php on line 19
[2015-08-31 17:11:46] User exception: 用户名错误 in D:\wwwroot\91wzx-old\FirstPHP\root\demo1\admin\action\userAction.class.php on line 19
[2015-08-31 17:11:47] User exception: 用户名错误 in D:\wwwroot\91wzx-old\FirstPHP\root\demo1\admin\action\userAction.class.php on line 19
[2015-08-31 17:11:55] User exception: 用户名错误 in D:\wwwroot\91wzx-old\FirstPHP\root\demo1\admin\action\userAction.class.php on line 19
[2015-08-31 17:11:56] User exception: 用户名错误 in D:\wwwroot\91wzx-old\FirstPHP\root\demo1\admin\action\userAction.class.php on line 19
[2015-08-31 17:11:56] User exception: 用户名错误 in D:\wwwroot\91wzx-old\FirstPHP\root\demo1\admin\action\userAction.class.php on line 19
[2015-08-31 17:11:59] User exception: 用户名错误 in D:\wwwroot\91wzx-old\FirstPHP\root\demo1\admin\action\userAction.class.php on line 19
[2015-08-31 17:21:07] User exception: 用户名错误 in D:\wwwroot\91wzx-old\FirstPHP\root\demo1\admin\action\userAction.class.php on line 19
[2015-08-31 17:21:07] User exception: 用户名错误 in D:\wwwroot\91wzx-old\FirstPHP\root\demo1\admin\action\userAction.class.php on line 19
[2015-08-31 17:21:07] User exception: 用户名错误 in D:\wwwroot\91wzx-old\FirstPHP\root\demo1\admin\action\userAction.class.php on line 19
[2015-08-31 17:21:07] User exception: 用户名错误 in D:\wwwroot\91wzx-old\FirstPHP\root\demo1\admin\action\userAction.class.php on line 19
