[2015-09-01 09:51:45] User exception: 用户名错误 in D:\wwwroot\91wzx-old\FirstPHP\root\demo1\admin\action\userAction.class.php on line 19
[2015-09-01 09:51:46] User exception: File 'D:\wwwroot\91wzx-old\FirstPHP\root\demo1/admin/action/favicon.icoAction.class.php' not found in D:\wwwroot\91wzx-old\FirstPHP\core\lib\Main.class.php on line 275
[2015-09-01 09:51:46] User exception: File 'D:\wwwroot\91wzx-old\FirstPHP\root\demo1/admin/action/favicon.icoAction.class.php' not found in D:\wwwroot\91wzx-old\FirstPHP\core\lib\Main.class.php on line 275
[2015-09-01 10:16:47] User exception: Unable to load template file 'D:\wwwroot\91wzx-old\FirstPHP\core/error/success.php.tpl' in D:\wwwroot\91wzx-old\FirstPHP\core\pack\smarty-3.1.27\libs\sysplugins\smarty_internal_template.php on line 219
[2015-09-01 10:16:48] User exception: Unable to load template file 'D:\wwwroot\91wzx-old\FirstPHP\core/error/success.php.tpl' in D:\wwwroot\91wzx-old\FirstPHP\core\pack\smarty-3.1.27\libs\sysplugins\smarty_internal_template.php on line 219
[2015-09-01 10:17:29] User exception: Unable to load template file 'D:\wwwroot\91wzx-old\FirstPHP\core/error/success.php.tpl' in D:\wwwroot\91wzx-old\FirstPHP\core\pack\smarty-3.1.27\libs\sysplugins\smarty_internal_template.php on line 219
[2015-09-01 10:17:30] User exception: Unable to load template file 'D:\wwwroot\91wzx-old\FirstPHP\core/error/success.php.tpl' in D:\wwwroot\91wzx-old\FirstPHP\core\pack\smarty-3.1.27\libs\sysplugins\smarty_internal_template.php on line 219
[2015-09-01 10:17:30] User exception: Unable to load template file 'D:\wwwroot\91wzx-old\FirstPHP\core/error/success.php.tpl' in D:\wwwroot\91wzx-old\FirstPHP\core\pack\smarty-3.1.27\libs\sysplugins\smarty_internal_template.php on line 219
[2015-09-01 10:17:30] User exception: Unable to load template file 'D:\wwwroot\91wzx-old\FirstPHP\core/error/success.php.tpl' in D:\wwwroot\91wzx-old\FirstPHP\core\pack\smarty-3.1.27\libs\sysplugins\smarty_internal_template.php on line 219
[2015-09-01 10:17:42] User exception: Unable to load template file 'D:\wwwroot\91wzx-old\FirstPHP\core/error/success.php.tpl' in D:\wwwroot\91wzx-old\FirstPHP\core\pack\smarty-3.1.27\libs\sysplugins\smarty_internal_template.php on line 219
[2015-09-01 10:17:42] User exception: Unable to load template file 'D:\wwwroot\91wzx-old\FirstPHP\core/error/success.php.tpl' in D:\wwwroot\91wzx-old\FirstPHP\core\pack\smarty-3.1.27\libs\sysplugins\smarty_internal_template.php on line 219
[2015-09-01 10:17:50] User exception: 用户名错误 in D:\wwwroot\91wzx-old\FirstPHP\root\demo1\admin\action\userAction.class.php on line 19
[2015-09-01 10:17:51] User exception: 用户名错误 in D:\wwwroot\91wzx-old\FirstPHP\root\demo1\admin\action\userAction.class.php on line 19
[2015-09-01 10:17:51] User exception: 用户名错误 in D:\wwwroot\91wzx-old\FirstPHP\root\demo1\admin\action\userAction.class.php on line 19
[2015-09-01 10:18:42] User exception: Unable to load template file 'D:\wwwroot\91wzx-old\FirstPHP\core/error/success.php.tpl' in D:\wwwroot\91wzx-old\FirstPHP\core\pack\smarty-3.1.27\libs\sysplugins\smarty_internal_template.php on line 219
[2015-09-01 10:19:09] User exception: Unable to load template file 'D:\wwwroot\91wzx-old\FirstPHP\core/error/success.php.tpl' in D:\wwwroot\91wzx-old\FirstPHP\core\pack\smarty-3.1.27\libs\sysplugins\smarty_internal_template.php on line 219
[2015-09-01 10:19:09] User exception: Unable to load template file 'D:\wwwroot\91wzx-old\FirstPHP\core/error/success.php.tpl' in D:\wwwroot\91wzx-old\FirstPHP\core\pack\smarty-3.1.27\libs\sysplugins\smarty_internal_template.php on line 219
[2015-09-01 10:19:14] Error: Uncaught exception 'ErrorException' with message 'var_export does not handle circular references' in D:\wwwroot\91wzx-old\FirstPHP\core\lib\Error.class.php:230
Stack trace:
#0 [internal function]: Error::myErrorHandler(2, 'var_export does...', 'D:\\wwwroot\\91wz...', 230, Array)
#1 D:\wwwroot\91wzx-old\FirstPHP\core\lib\Error.class.php(230): var_export(Array, true)
#2 [internal function]: Error::walk(Array, 0)
#3 D:\wwwroot\91wzx-old\FirstPHP\core\lib\Error.class.php(205): array_walk(Array, 'self::walk')
#4 D:\wwwroot\91wzx-old\FirstPHP\core\lib\Error.class.php(112): Error::parseTraces(Array)
#5 D:\wwwroot\91wzx-old\FirstPHP\core\lib\Error.class.php(95): Error::_errorPage(Object(SmartyException))
#6 [internal function]: Error::exceptionHandler(Object(SmartyException))
#7 {main}
  thrown in D:\wwwroot\91wzx-old\FirstPHP\core\lib\Error.class.php on line 230
[2015-09-01 10:19:15] Error: Uncaught exception 'ErrorException' with message 'var_export does not handle circular references' in D:\wwwroot\91wzx-old\FirstPHP\core\lib\Error.class.php:230
Stack trace:
#0 [internal function]: Error::myErrorHandler(2, 'var_export does...', 'D:\\wwwroot\\91wz...', 230, Array)
#1 D:\wwwroot\91wzx-old\FirstPHP\core\lib\Error.class.php(230): var_export(Array, true)
#2 [internal function]: Error::walk(Array, 0)
#3 D:\wwwroot\91wzx-old\FirstPHP\core\lib\Error.class.php(205): array_walk(Array, 'self::walk')
#4 D:\wwwroot\91wzx-old\FirstPHP\core\lib\Error.class.php(112): Error::parseTraces(Array)
#5 D:\wwwroot\91wzx-old\FirstPHP\core\lib\Error.class.php(95): Error::_errorPage(Object(SmartyException))
#6 [internal function]: Error::exceptionHandler(Object(SmartyException))
#7 {main}
  thrown in D:\wwwroot\91wzx-old\FirstPHP\core\lib\Error.class.php on line 230
[2015-09-01 10:20:20] Error: Uncaught exception 'ErrorException' with message 'var_export does not handle circular references' in D:\wwwroot\91wzx-old\FirstPHP\core\lib\Error.class.php:230
Stack trace:
#0 [internal function]: Error::myErrorHandler(2, 'var_export does...', 'D:\\wwwroot\\91wz...', 230, Array)
#1 D:\wwwroot\91wzx-old\FirstPHP\core\lib\Error.class.php(230): var_export(Array, true)
#2 [internal function]: Error::walk(Array, 0)
#3 D:\wwwroot\91wzx-old\FirstPHP\core\lib\Error.class.php(205): array_walk(Array, 'self::walk')
#4 D:\wwwroot\91wzx-old\FirstPHP\core\lib\Error.class.php(112): Error::parseTraces(Array)
#5 D:\wwwroot\91wzx-old\FirstPHP\core\lib\Error.class.php(95): Error::_errorPage(Object(SmartyException))
#6 [internal function]: Error::exceptionHandler(Object(SmartyException))
#7 {main}
  thrown in D:\wwwroot\91wzx-old\FirstPHP\core\lib\Error.class.php on line 230
[2015-09-01 10:20:20] Error: Uncaught exception 'ErrorException' with message 'var_export does not handle circular references' in D:\wwwroot\91wzx-old\FirstPHP\core\lib\Error.class.php:230
Stack trace:
#0 [internal function]: Error::myErrorHandler(2, 'var_export does...', 'D:\\wwwroot\\91wz...', 230, Array)
#1 D:\wwwroot\91wzx-old\FirstPHP\core\lib\Error.class.php(230): var_export(Array, true)
#2 [internal function]: Error::walk(Array, 0)
#3 D:\wwwroot\91wzx-old\FirstPHP\core\lib\Error.class.php(205): array_walk(Array, 'self::walk')
#4 D:\wwwroot\91wzx-old\FirstPHP\core\lib\Error.class.php(112): Error::parseTraces(Array)
#5 D:\wwwroot\91wzx-old\FirstPHP\core\lib\Error.class.php(95): Error::_errorPage(Object(SmartyException))
#6 [internal function]: Error::exceptionHandler(Object(SmartyException))
#7 {main}
  thrown in D:\wwwroot\91wzx-old\FirstPHP\core\lib\Error.class.php on line 230
[2015-09-01 10:20:21] Error: Uncaught exception 'ErrorException' with message 'var_export does not handle circular references' in D:\wwwroot\91wzx-old\FirstPHP\core\lib\Error.class.php:230
Stack trace:
#0 [internal function]: Error::myErrorHandler(2, 'var_export does...', 'D:\\wwwroot\\91wz...', 230, Array)
#1 D:\wwwroot\91wzx-old\FirstPHP\core\lib\Error.class.php(230): var_export(Array, true)
#2 [internal function]: Error::walk(Array, 0)
#3 D:\wwwroot\91wzx-old\FirstPHP\core\lib\Error.class.php(205): array_walk(Array, 'self::walk')
#4 D:\wwwroot\91wzx-old\FirstPHP\core\lib\Error.class.php(112): Error::parseTraces(Array)
#5 D:\wwwroot\91wzx-old\FirstPHP\core\lib\Error.class.php(95): Error::_errorPage(Object(SmartyException))
#6 [internal function]: Error::exceptionHandler(Object(SmartyException))
#7 {main}
  thrown in D:\wwwroot\91wzx-old\FirstPHP\core\lib\Error.class.php on line 230
[2015-09-01 10:22:26] Notice: Undefined variable: error in D:\wwwroot\91wzx-old\FirstPHP\core\error\success.php on line 7
[2015-09-01 10:24:48] Notice: Undefined variable: error in D:\wwwroot\91wzx-old\FirstPHP\core\error\error.php on line 4
[2015-09-01 10:27:53] User warning: xxx in D:\wwwroot\91wzx-old\FirstPHP\root\demo1\admin\action\userAction.class.php on line 20
[2015-09-01 10:34:27] User warning: xxx in D:\wwwroot\91wzx-old\FirstPHP\root\demo1\admin\action\userAction.class.php on line 20
[2015-09-01 10:51:14] Error: Call to undefined method UserAction::__getFile() in D:\wwwroot\91wzx-old\FirstPHP\core\lib\Action.class.php on line 62
[2015-09-01 10:51:16] Error: Call to undefined method UserAction::__getFile() in D:\wwwroot\91wzx-old\FirstPHP\core\lib\Action.class.php on line 62
[2015-09-01 10:52:09] Error: Call to undefined method UserAction::__getFile() in D:\wwwroot\91wzx-old\FirstPHP\core\lib\Action.class.php on line 62
[2015-09-01 10:52:10] Error: Call to undefined method UserAction::__getFile() in D:\wwwroot\91wzx-old\FirstPHP\core\lib\Action.class.php on line 62
[2015-09-01 10:52:10] Error: Call to undefined method UserAction::__getFile() in D:\wwwroot\91wzx-old\FirstPHP\core\lib\Action.class.php on line 62
[2015-09-01 10:53:35] User exception: File 'D:\wwwroot\91wzx-old\FirstPHP\root\demo1/admin/action/window.history.go(-1);Action.class.php' not found in D:\wwwroot\91wzx-old\FirstPHP\core\lib\Main.class.php on line 275
[2015-09-01 10:54:01] User exception: File 'D:\wwwroot\91wzx-old\FirstPHP\root\demo1/admin/action/window.history.go(-1);Action.class.php' not found in D:\wwwroot\91wzx-old\FirstPHP\core\lib\Main.class.php on line 275
[2015-09-01 10:57:30] Notice: Undefined variable: error in D:\wwwroot\91wzx-old\FirstPHP\core\error\tips_success.php on line 14
[2015-09-01 11:45:06] User warning: xxx in D:\wwwroot\91wzx-old\FirstPHP\root\demo1\admin\action\userAction.class.php on line 20
[2015-09-01 11:45:06] User exception: File 'D:\wwwroot\91wzx-old\FirstPHP\root\demo1/admin/action/baidu.comAction.class.php' not found in D:\wwwroot\91wzx-old\FirstPHP\core\lib\Main.class.php on line 275
[2015-09-01 11:45:45] User exception: File 'D:\wwwroot\91wzx-old\FirstPHP\root\demo1/admin/action/window.history.go(-1);Action.class.php' not found in D:\wwwroot\91wzx-old\FirstPHP\core\lib\Main.class.php on line 275
[2015-09-01 11:45:52] User exception: File 'D:\wwwroot\91wzx-old\FirstPHP\root\demo1/admin/action/baidu.comAction.class.php' not found in D:\wwwroot\91wzx-old\FirstPHP\core\lib\Main.class.php on line 275
[2015-09-01 11:46:00] User warning: xxx in D:\wwwroot\91wzx-old\FirstPHP\root\demo1\admin\action\userAction.class.php on line 20
[2015-09-01 11:46:00] User exception: File 'D:\wwwroot\91wzx-old\FirstPHP\root\demo1/admin/action/baidu.comAction.class.php' not found in D:\wwwroot\91wzx-old\FirstPHP\core\lib\Main.class.php on line 275
[2015-09-01 11:49:25] User exception: File 'D:\wwwroot\91wzx-old\FirstPHP\root\demo1/admin/action/baidu.comAction.class.php' not found in D:\wwwroot\91wzx-old\FirstPHP\core\lib\Main.class.php on line 275
[2015-09-01 11:49:26] User exception: File 'D:\wwwroot\91wzx-old\FirstPHP\root\demo1/admin/action/baidu.comAction.class.php' not found in D:\wwwroot\91wzx-old\FirstPHP\core\lib\Main.class.php on line 275
[2015-09-01 11:49:58] User warning: xxx in D:\wwwroot\91wzx-old\FirstPHP\root\demo1\admin\action\userAction.class.php on line 20
[2015-09-01 11:49:58] User exception: File 'D:\wwwroot\91wzx-old\FirstPHP\root\demo1/admin/action/indexAction.class.php' not found in D:\wwwroot\91wzx-old\FirstPHP\core\lib\Main.class.php on line 275
[2015-09-01 11:50:20] User exception: File 'D:\wwwroot\91wzx-old\FirstPHP\root\demo1/admin/action/indexAction.class.php' not found in D:\wwwroot\91wzx-old\FirstPHP\core\lib\Main.class.php on line 275
[2015-09-01 11:50:23] User exception: File 'D:\wwwroot\91wzx-old\FirstPHP\root\demo1/admin/action/index.htmAction.class.php' not found in D:\wwwroot\91wzx-old\FirstPHP\core\lib\Main.class.php on line 275
[2015-09-01 11:50:28] User exception: File 'D:\wwwroot\91wzx-old\FirstPHP\root\demo1/admin/action/indexAction.class.php' not found in D:\wwwroot\91wzx-old\FirstPHP\core\lib\Main.class.php on line 275
[2015-09-01 11:54:16] User exception: File 'D:\wwwroot\91wzx-old\FirstPHP\root\demo1/admin/action/indexAction.class.php' not found in D:\wwwroot\91wzx-old\FirstPHP\core\lib\Main.class.php on line 275
[2015-09-01 11:54:17] User exception: File 'D:\wwwroot\91wzx-old\FirstPHP\root\demo1/admin/action/indexAction.class.php' not found in D:\wwwroot\91wzx-old\FirstPHP\core\lib\Main.class.php on line 275
[2015-09-01 11:57:37] User exception: File 'D:\wwwroot\91wzx-old\FirstPHP\root\demo1/admin/action/indexAction.class.php' not found in D:\wwwroot\91wzx-old\FirstPHP\core\lib\Main.class.php on line 275
[2015-09-01 11:59:19] User exception: File 'D:\wwwroot\91wzx-old\FirstPHP\root\demo1/admin/action/indexAction.class.php' not found in D:\wwwroot\91wzx-old\FirstPHP\core\lib\Main.class.php on line 275
[2015-09-01 12:00:06] User exception: File 'D:\wwwroot\91wzx-old\FirstPHP\root\demo1/admin/action/indexAction.class.php' not found in D:\wwwroot\91wzx-old\FirstPHP\core\lib\Main.class.php on line 275
[2015-09-01 12:00:07] User exception: File 'D:\wwwroot\91wzx-old\FirstPHP\root\demo1/admin/action/indexAction.class.php' not found in D:\wwwroot\91wzx-old\FirstPHP\core\lib\Main.class.php on line 275
[2015-09-01 12:00:07] User exception: File 'D:\wwwroot\91wzx-old\FirstPHP\root\demo1/admin/action/indexAction.class.php' not found in D:\wwwroot\91wzx-old\FirstPHP\core\lib\Main.class.php on line 275
[2015-09-01 12:00:43] User exception: File 'D:\wwwroot\91wzx-old\FirstPHP\root\demo1/admin/action/indexAction.class.php' not found in D:\wwwroot\91wzx-old\FirstPHP\core\lib\Main.class.php on line 275
[2015-09-01 12:00:43] User exception: File 'D:\wwwroot\91wzx-old\FirstPHP\root\demo1/admin/action/indexAction.class.php' not found in D:\wwwroot\91wzx-old\FirstPHP\core\lib\Main.class.php on line 275
[2015-09-01 12:00:43] User exception: File 'D:\wwwroot\91wzx-old\FirstPHP\root\demo1/admin/action/indexAction.class.php' not found in D:\wwwroot\91wzx-old\FirstPHP\core\lib\Main.class.php on line 275
[2015-09-01 12:05:00] User exception: File 'D:\wwwroot\91wzx-old\FirstPHP\root\demo1/admin/action/IndexAction.class.php' not found in D:\wwwroot\91wzx-old\FirstPHP\core\lib\Main.class.php on line 275
[2015-09-01 12:05:01] User exception: File 'D:\wwwroot\91wzx-old\FirstPHP\root\demo1/admin/action/IndexAction.class.php' not found in D:\wwwroot\91wzx-old\FirstPHP\core\lib\Main.class.php on line 275
[2015-09-01 12:05:01] User exception: File 'D:\wwwroot\91wzx-old\FirstPHP\root\demo1/admin/action/IndexAction.class.php' not found in D:\wwwroot\91wzx-old\FirstPHP\core\lib\Main.class.php on line 275
[2015-09-01 12:05:01] User exception: File 'D:\wwwroot\91wzx-old\FirstPHP\root\demo1/admin/action/IndexAction.class.php' not found in D:\wwwroot\91wzx-old\FirstPHP\core\lib\Main.class.php on line 275
[2015-09-01 12:05:19] User exception: File 'D:\wwwroot\91wzx-old\FirstPHP\root\demo1/admin/action/IndexAction.class.php' not found in D:\wwwroot\91wzx-old\FirstPHP\core\lib\Main.class.php on line 275
[2015-09-01 12:05:32] Error: Class 'User' not found in D:\wwwroot\91wzx-old\FirstPHP\root\demo1\admin\action\userAction.class.php on line 27
[2015-09-01 12:24:59] Error: Class 'User' not found in D:\wwwroot\91wzx-old\FirstPHP\root\demo1\admin\action\userAction.class.php on line 27
[2015-09-01 12:25:00] Error: Class 'User' not found in D:\wwwroot\91wzx-old\FirstPHP\root\demo1\admin\action\userAction.class.php on line 27
[2015-09-01 14:02:28] Error: Class 'User' not found in D:\wwwroot\91wzx-old\FirstPHP\root\demo1\admin\action\userAction.class.php on line 27
[2015-09-01 15:19:02] Error: Class 'User' not found in D:\wwwroot\91wzx-old\FirstPHP\root\demo1\admin\action\userAction.class.php on line 27
[2015-09-01 15:19:03] Error: Class 'User' not found in D:\wwwroot\91wzx-old\FirstPHP\root\demo1\admin\action\userAction.class.php on line 27
[2015-09-01 15:19:03] Error: Class 'User' not found in D:\wwwroot\91wzx-old\FirstPHP\root\demo1\admin\action\userAction.class.php on line 27
[2015-09-01 15:19:04] Error: Class 'User' not found in D:\wwwroot\91wzx-old\FirstPHP\root\demo1\admin\action\userAction.class.php on line 27
[2015-09-01 15:19:04] Error: Class 'User' not found in D:\wwwroot\91wzx-old\FirstPHP\root\demo1\admin\action\userAction.class.php on line 27
[2015-09-01 15:19:09] Notice: Undefined variable: title in D:\wwwroot\91wzx-old\FirstPHP\core\error\tips_success.php on line 4
[2015-09-01 15:20:28] Notice: Undefined variable: title in D:\wwwroot\91wzx-old\FirstPHP\core\error\tips_success.php on line 4
[2015-09-01 15:25:35] Notice: Undefined variable: title in D:\wwwroot\91wzx-old\FirstPHP\core\error\tips_success.php on line 4
[2015-09-01 15:25:36] Notice: Undefined variable: title in D:\wwwroot\91wzx-old\FirstPHP\core\error\tips_success.php on line 4
[2015-09-01 15:26:08] Notice: Undefined variable: title in D:\wwwroot\91wzx-old\FirstPHP\core\error\tips_success.php on line 4
[2015-09-01 15:26:09] Notice: Undefined variable: title in D:\wwwroot\91wzx-old\FirstPHP\core\error\tips_success.php on line 4
[2015-09-01 15:26:09] Notice: Undefined variable: title in D:\wwwroot\91wzx-old\FirstPHP\core\error\tips_success.php on line 4
[2015-09-01 15:26:09] Notice: Undefined variable: title in D:\wwwroot\91wzx-old\FirstPHP\core\error\tips_success.php on line 4
[2015-09-01 15:51:49] User warning: xxx in D:\wwwroot\91wzx-old\FirstPHP\root\demo1\admin\action\userAction.class.php on line 20
[2015-09-01 15:56:17] Error: Class 'User' not found in D:\wwwroot\91wzx-old\FirstPHP\root\demo1\admin\action\userAction.class.php on line 27
[2015-09-01 15:56:17] Error: Class 'User' not found in D:\wwwroot\91wzx-old\FirstPHP\root\demo1\admin\action\userAction.class.php on line 27
[2015-09-01 15:56:17] Error: Class 'User' not found in D:\wwwroot\91wzx-old\FirstPHP\root\demo1\admin\action\userAction.class.php on line 27
[2015-09-01 15:56:18] Error: Class 'User' not found in D:\wwwroot\91wzx-old\FirstPHP\root\demo1\admin\action\userAction.class.php on line 27
[2015-09-01 16:03:48] Error: Class 'User' not found in D:\wwwroot\91wzx-old\FirstPHP\root\demo1\admin\action\userAction.class.php on line 27
[2015-09-01 16:03:49] Error: Class 'User' not found in D:\wwwroot\91wzx-old\FirstPHP\root\demo1\admin\action\userAction.class.php on line 27
[2015-09-01 16:03:50] Error: Class 'User' not found in D:\wwwroot\91wzx-old\FirstPHP\root\demo1\admin\action\userAction.class.php on line 27
[2015-09-01 16:03:50] Error: Class 'User' not found in D:\wwwroot\91wzx-old\FirstPHP\root\demo1\admin\action\userAction.class.php on line 27
[2015-09-01 16:03:51] Error: Class 'User' not found in D:\wwwroot\91wzx-old\FirstPHP\root\demo1\admin\action\userAction.class.php on line 27
[2015-09-01 16:03:56] Error: Class 'User' not found in D:\wwwroot\91wzx-old\FirstPHP\root\demo1\admin\action\userAction.class.php on line 27
[2015-09-01 16:03:56] Error: Class 'User' not found in D:\wwwroot\91wzx-old\FirstPHP\root\demo1\admin\action\userAction.class.php on line 27
[2015-09-01 16:10:05] Notice: Undefined variable: action in D:\wwwroot\91wzx-old\FirstPHP\core\lib\Main.class.php on line 128
[2015-09-01 16:10:17] Notice: Use of undefined constant ACTION - assumed 'ACTION' in D:\wwwroot\91wzx-old\FirstPHP\core\lib\Action.class.php on line 18
[2015-09-01 16:10:35] Error: Class 'User' not found in D:\wwwroot\91wzx-old\FirstPHP\root\demo1\admin\action\userAction.class.php on line 27
[2015-09-01 16:10:36] Error: Class 'User' not found in D:\wwwroot\91wzx-old\FirstPHP\root\demo1\admin\action\userAction.class.php on line 27
[2015-09-01 16:10:36] Error: Class 'User' not found in D:\wwwroot\91wzx-old\FirstPHP\root\demo1\admin\action\userAction.class.php on line 27
[2015-09-01 16:10:37] Error: Class 'User' not found in D:\wwwroot\91wzx-old\FirstPHP\root\demo1\admin\action\userAction.class.php on line 27
[2015-09-01 16:12:07] Error: Class 'User' not found in D:\wwwroot\91wzx-old\FirstPHP\root\demo1\admin\action\userAction.class.php on line 27
[2015-09-01 16:12:07] Error: Class 'User' not found in D:\wwwroot\91wzx-old\FirstPHP\root\demo1\admin\action\userAction.class.php on line 27
[2015-09-01 16:19:26] Error: Class 'User' not found in D:\wwwroot\91wzx-old\FirstPHP\root\demo1\admin\action\userAction.class.php on line 27
[2015-09-01 16:19:26] Error: Class 'User' not found in D:\wwwroot\91wzx-old\FirstPHP\root\demo1\admin\action\userAction.class.php on line 27
[2015-09-01 16:19:26] Error: Class 'User' not found in D:\wwwroot\91wzx-old\FirstPHP\root\demo1\admin\action\userAction.class.php on line 27
[2015-09-01 16:23:24] User exception: File 'D:\wwwroot\91wzx-old\FirstPHP\root\demo1/admin/controller/UserController.class.php' not found in D:\wwwroot\91wzx-old\FirstPHP\core\lib\Main.class.php on line 275
[2015-09-01 16:24:34] Error: Class 'AdminController' not found in D:\wwwroot\91wzx-old\FirstPHP\root\demo1\admin\controller\userController.class.php on line 3
[2015-09-01 16:25:02] Error: Class 'AdminController' not found in D:\wwwroot\91wzx-old\FirstPHP\root\demo1\admin\controller\userController.class.php on line 3
[2015-09-01 16:25:16] Error: Class 'AdminController' not found in D:\wwwroot\91wzx-old\FirstPHP\root\demo1\admin\controller\userController.class.php on line 3
[2015-09-01 16:25:16] Error: Class 'AdminController' not found in D:\wwwroot\91wzx-old\FirstPHP\root\demo1\admin\controller\userController.class.php on line 3
[2015-09-01 16:25:16] Error: Class 'AdminController' not found in D:\wwwroot\91wzx-old\FirstPHP\root\demo1\admin\controller\userController.class.php on line 3
[2015-09-01 16:26:49] Error: Class 'Controller' not found in D:\wwwroot\91wzx-old\FirstPHP\root\demo1\admin\controller\AdminController.class.php on line 2
[2015-09-01 16:26:50] Error: Class 'Controller' not found in D:\wwwroot\91wzx-old\FirstPHP\root\demo1\admin\controller\AdminController.class.php on line 2
[2015-09-01 16:26:50] Error: Class 'Controller' not found in D:\wwwroot\91wzx-old\FirstPHP\root\demo1\admin\controller\AdminController.class.php on line 2
[2015-09-01 16:27:26] Error: Class 'User' not found in D:\wwwroot\91wzx-old\FirstPHP\root\demo1\admin\controller\UserController.class.php on line 27
[2015-09-01 16:27:27] Error: Class 'User' not found in D:\wwwroot\91wzx-old\FirstPHP\root\demo1\admin\controller\UserController.class.php on line 27
[2015-09-01 16:27:27] Error: Class 'User' not found in D:\wwwroot\91wzx-old\FirstPHP\root\demo1\admin\controller\UserController.class.php on line 27
[2015-09-01 16:27:28] Error: Class 'User' not found in D:\wwwroot\91wzx-old\FirstPHP\root\demo1\admin\controller\UserController.class.php on line 27
[2015-09-01 16:27:28] Error: Class 'User' not found in D:\wwwroot\91wzx-old\FirstPHP\root\demo1\admin\controller\UserController.class.php on line 27
[2015-09-01 16:27:28] Error: Class 'User' not found in D:\wwwroot\91wzx-old\FirstPHP\root\demo1\admin\controller\UserController.class.php on line 27
[2015-09-01 16:27:29] Error: Class 'User' not found in D:\wwwroot\91wzx-old\FirstPHP\root\demo1\admin\controller\UserController.class.php on line 27
